{"C:\\Users\\renna\\OneDrive\\Documentos\\WebAcademy\\ci_cd\\lab03_01\\src\\hello_world.ts": {"path":"C:\\Users\\renna\\OneDrive\\Documentos\\WebAcademy\\ci_cd\\lab03_01\\src\\hello_world.ts","statementMap":{"0":{"start":{"line":1,"column":17},"end":{"line":1,"column":24}},"1":{"start":{"line":4,"column":2},"end":{"line":6,"column":3}},"2":{"start":{"line":5,"column":4},"end":{"line":5,"column":28}},"3":{"start":{"line":7,"column":2},"end":{"line":7,"column":27}}},"fnMap":{"0":{"name":"hello","decl":{"start":{"line":3,"column":16},"end":{"line":3,"column":21}},"loc":{"start":{"line":3,"column":46},"end":{"line":8,"column":1}}}},"branchMap":{"0":{"loc":{"start":{"line":3,"column":22},"end":{"line":3,"column":46}},"type":"default-arg","locations":[{"start":{"line":3,"column":38},"end":{"line":3,"column":46}}]},"1":{"loc":{"start":{"line":4,"column":2},"end":{"line":6,"column":3}},"type":"if","locations":[{"start":{"line":4,"column":2},"end":{"line":6,"column":3}},{"start":{},"end":{}}]}},"s":{"0":1,"1":1,"2":0,"3":1},"f":{"0":1},"b":{"0":[1],"1":[0,1]}}
}
